[2025-09-22 13:58:31] SendGrid Webhook 배포 스크립트 시작
[2025-09-22 13:58:31] 변수 설정 완료
[2025-09-22 13:58:31] 현재 디렉토리: /Users/macminim4pro/Github/1_Projects/send-grid-test
[2025-09-22 13:58:31] 프로젝트 파일 복사 시작
[2025-09-22 13:58:32] 프로젝트 파일 복사 완료
[2025-09-22 13:58:32] Hana 서버에 SSH 접속 및 Docker 빌드 시작
[2025-09-22 13:59:03] Hana 서버 배포 완료
[2025-09-22 13:59:03] 총 실행 시간: 32.054220000초
[2025-09-22 13:59:03] 배포 완료. 웹훅 URL: http://15.165.2.108:3000/webhook/inbound
[2025-09-22 14:27:16] SendGrid Webhook 배포 스크립트 시작
[2025-09-22 14:27:16] 변수 설정 완료
[2025-09-22 14:27:16] 현재 디렉토리: /Users/macminim4pro/Github/1_Projects/send-grid-test
[2025-09-22 14:27:16] 프로젝트 파일 복사 시작
[2025-09-22 14:27:18] 프로젝트 파일 복사 완료
[2025-09-22 14:27:18] Hana 서버에 SSH 접속 및 Docker 빌드 시작
[2025-09-22 14:27:32] Hana 서버 배포 완료
[2025-09-22 14:27:32] 총 실행 시간: 15.663200000초
[2025-09-22 14:27:32] 배포 완료. 웹훅 URL: http://15.165.2.108:3000/webhook/inbound
[2025-09-22 14:28:26] SendGrid Webhook 배포 스크립트 시작
[2025-09-22 14:28:26] 변수 설정 완료
[2025-09-22 14:28:26] 현재 디렉토리: /Users/macminim4pro/Github/1_Projects/send-grid-test
[2025-09-22 14:28:26] 프로젝트 파일 복사 시작
[2025-09-22 14:28:27] 프로젝트 파일 복사 완료
[2025-09-22 14:28:27] Hana 서버에 SSH 접속 및 Docker 빌드 시작
[2025-09-22 14:28:40] Hana 서버 배포 완료
[2025-09-22 14:28:40] 총 실행 시간: 13.450404000초
[2025-09-22 14:28:40] 배포 완료. 웹훅 URL: http://15.165.2.108:3000/webhook/inbound
